2025-04-17 13:36:14,141 DEBUG    root            Loaded Command Group: ['gcloud', 'components']
2025-04-17 13:36:14,144 DEBUG    root            Loaded Command Group: ['gcloud', 'components', 'update']
2025-04-17 13:36:14,145 DEBUG    root            Running [gcloud.components.update] with arguments: [--quiet: "True", COMPONENT-IDS:8: "['gcloud', 'core', 'bq', 'gsutil', 'compute', 'preview', 'alpha', 'beta']"]
2025-04-17 13:36:14,147 INFO     ___FILE_ONLY___ Beginning update. This process may take several minutes.

2025-04-17 13:36:14,156 DEBUG    urllib3.connectionpool Starting new HTTPS connection (1): dl.google.com:443
2025-04-17 13:36:14,168 DEBUG    urllib3.connectionpool https://dl.google.com:443 "GET /dl/cloudsdk/channels/rapid/components-2.json HTTP/11" 200 226135
2025-04-17 13:36:14,181 WARNING  root            Component [compute] no longer exists.
2025-04-17 13:36:14,182 INFO     ___FILE_ONLY___ 

2025-04-17 13:36:14,182 INFO     ___FILE_ONLY___ 
Your current Google Cloud CLI version is: 518.0.0

2025-04-17 13:36:14,183 INFO     ___FILE_ONLY___ Installing components from version: 518.0.0

2025-04-17 13:36:14,183 INFO     ___FILE_ONLY___ 

2025-04-17 13:36:14,183 DEBUG    root            Chosen display Format:table[box,title="These components will be removed."](details.display_name:label=Name:align=left,version.version_string:label=Version:align=right,data.size.size(zero="",min=1048576):label=Size:align=right)
2025-04-17 13:36:14,183 DEBUG    root            Chosen display Format:table[box,title="These components will be updated."](details.display_name:label=Name:align=left,version.version_string:label=Version:align=right,data.size.size(zero="",min=1048576):label=Size:align=right)
2025-04-17 13:36:14,184 DEBUG    root            Chosen display Format:table[box,title="These components will be installed."](details.display_name:label=Name:align=left,version.version_string:label=Version:align=right,data.size.size(zero="",min=1048576):label=Size:align=right)
2025-04-17 13:36:14,198 INFO     ___FILE_ONLY___ ┌────────────────────────────────────────────────┐
2025-04-17 13:36:14,198 INFO     ___FILE_ONLY___ 

2025-04-17 13:36:14,198 INFO     ___FILE_ONLY___ │      These components will be installed.       │
2025-04-17 13:36:14,198 INFO     ___FILE_ONLY___ 

2025-04-17 13:36:14,198 INFO     ___FILE_ONLY___ ├─────────────────────────┬────────────┬─────────┤
2025-04-17 13:36:14,198 INFO     ___FILE_ONLY___ 

2025-04-17 13:36:14,198 INFO     ___FILE_ONLY___ │           Name          │  Version   │   Size  │
2025-04-17 13:36:14,198 INFO     ___FILE_ONLY___ 

2025-04-17 13:36:14,198 INFO     ___FILE_ONLY___ ├─────────────────────────┼────────────┼─────────┤
2025-04-17 13:36:14,198 INFO     ___FILE_ONLY___ 

2025-04-17 13:36:14,198 INFO     ___FILE_ONLY___ │ 
2025-04-17 13:36:14,198 INFO     ___FILE_ONLY___ gcloud Alpha Commands  
2025-04-17 13:36:14,198 INFO     ___FILE_ONLY___  
2025-04-17 13:36:14,198 INFO     ___FILE_ONLY___ │ 
2025-04-17 13:36:14,198 INFO     ___FILE_ONLY___ 2025.04.11
2025-04-17 13:36:14,198 INFO     ___FILE_ONLY___  
2025-04-17 13:36:14,199 INFO     ___FILE_ONLY___ │ 
2025-04-17 13:36:14,199 INFO     ___FILE_ONLY___ < 1 MiB
2025-04-17 13:36:14,199 INFO     ___FILE_ONLY___  
2025-04-17 13:36:14,199 INFO     ___FILE_ONLY___ │
2025-04-17 13:36:14,199 INFO     ___FILE_ONLY___ 

2025-04-17 13:36:14,199 INFO     ___FILE_ONLY___ │ 
2025-04-17 13:36:14,199 INFO     ___FILE_ONLY___ gcloud Beta Commands   
2025-04-17 13:36:14,199 INFO     ___FILE_ONLY___  
2025-04-17 13:36:14,199 INFO     ___FILE_ONLY___ │ 
2025-04-17 13:36:14,199 INFO     ___FILE_ONLY___ 2025.04.11
2025-04-17 13:36:14,199 INFO     ___FILE_ONLY___  
2025-04-17 13:36:14,199 INFO     ___FILE_ONLY___ │ 
2025-04-17 13:36:14,199 INFO     ___FILE_ONLY___ < 1 MiB
2025-04-17 13:36:14,199 INFO     ___FILE_ONLY___  
2025-04-17 13:36:14,199 INFO     ___FILE_ONLY___ │
2025-04-17 13:36:14,199 INFO     ___FILE_ONLY___ 

2025-04-17 13:36:14,199 INFO     ___FILE_ONLY___ │ 
2025-04-17 13:36:14,199 INFO     ___FILE_ONLY___ gcloud Preview Commands
2025-04-17 13:36:14,199 INFO     ___FILE_ONLY___  
2025-04-17 13:36:14,199 INFO     ___FILE_ONLY___ │ 
2025-04-17 13:36:14,200 INFO     ___FILE_ONLY___           
2025-04-17 13:36:14,200 INFO     ___FILE_ONLY___  
2025-04-17 13:36:14,200 INFO     ___FILE_ONLY___ │ 
2025-04-17 13:36:14,200 INFO     ___FILE_ONLY___ < 1 MiB
2025-04-17 13:36:14,200 INFO     ___FILE_ONLY___  
2025-04-17 13:36:14,200 INFO     ___FILE_ONLY___ │
2025-04-17 13:36:14,200 INFO     ___FILE_ONLY___ 

2025-04-17 13:36:14,200 INFO     ___FILE_ONLY___ └─────────────────────────┴────────────┴─────────┘
2025-04-17 13:36:14,200 INFO     ___FILE_ONLY___ 

2025-04-17 13:36:14,200 INFO     ___FILE_ONLY___ 

2025-04-17 13:36:14,203 DEBUG    urllib3.connectionpool Starting new HTTPS connection (1): dl.google.com:443
2025-04-17 13:36:14,221 DEBUG    urllib3.connectionpool https://dl.google.com:443 "GET /dl/cloudsdk/channels/rapid/RELEASE_NOTES HTTP/11" 200 1400392
2025-04-17 13:36:14,697 INFO     ___FILE_ONLY___ For the latest full release notes, please visit:
  https://cloud.google.com/sdk/release_notes


2025-04-17 13:36:14,697 INFO     ___FILE_ONLY___ Performing in place update...


2025-04-17 13:36:14,699 INFO     ___FILE_ONLY___ ╔════════════════════════════════════════════════════════════╗

2025-04-17 13:36:14,699 INFO     ___FILE_ONLY___ ╠═ Downloading: gcloud Alpha Commands                       ═╣

2025-04-17 13:36:14,699 INFO     ___FILE_ONLY___ ╚
2025-04-17 13:36:14,703 DEBUG    urllib3.connectionpool Starting new HTTPS connection (1): dl.google.com:443
2025-04-17 13:36:14,717 DEBUG    urllib3.connectionpool https://dl.google.com:443 "GET /dl/cloudsdk/channels/rapid/components/google-cloud-sdk-alpha-20250411141747.tar.gz HTTP/11" 200 800
2025-04-17 13:36:14,717 INFO     ___FILE_ONLY___ ════════════════════════════════════════════════════════════
2025-04-17 13:36:14,717 INFO     ___FILE_ONLY___ ╝

2025-04-17 13:36:14,719 INFO     ___FILE_ONLY___ ╔════════════════════════════════════════════════════════════╗

2025-04-17 13:36:14,720 INFO     ___FILE_ONLY___ ╠═ Downloading: gcloud Beta Commands                        ═╣

2025-04-17 13:36:14,720 INFO     ___FILE_ONLY___ ╚
2025-04-17 13:36:14,723 DEBUG    urllib3.connectionpool Starting new HTTPS connection (1): dl.google.com:443
2025-04-17 13:36:14,732 DEBUG    urllib3.connectionpool https://dl.google.com:443 "GET /dl/cloudsdk/channels/rapid/components/google-cloud-sdk-beta-20250411141747.tar.gz HTTP/11" 200 797
2025-04-17 13:36:14,733 INFO     ___FILE_ONLY___ ════════════════════════════════════════════════════════════
2025-04-17 13:36:14,733 INFO     ___FILE_ONLY___ ╝

2025-04-17 13:36:14,734 INFO     ___FILE_ONLY___ ╔════════════════════════════════════════════════════════════╗

2025-04-17 13:36:14,735 INFO     ___FILE_ONLY___ ╠═ Downloading: gcloud Preview Commands                     ═╣

2025-04-17 13:36:14,735 INFO     ___FILE_ONLY___ ╚
2025-04-17 13:36:14,737 DEBUG    urllib3.connectionpool Starting new HTTPS connection (1): dl.google.com:443
2025-04-17 13:36:14,774 DEBUG    urllib3.connectionpool https://dl.google.com:443 "GET /dl/cloudsdk/channels/rapid/components/google-cloud-sdk-preview-20241115154308.tar.gz HTTP/11" 200 823
2025-04-17 13:36:14,774 INFO     ___FILE_ONLY___ ════════════════════════════════════════════════════════════
2025-04-17 13:36:14,774 INFO     ___FILE_ONLY___ ╝

2025-04-17 13:36:14,776 INFO     ___FILE_ONLY___ ╔════════════════════════════════════════════════════════════╗

2025-04-17 13:36:14,776 INFO     ___FILE_ONLY___ ╠═ Installing: gcloud Alpha Commands                        ═╣

2025-04-17 13:36:14,776 INFO     ___FILE_ONLY___ ╚
2025-04-17 13:36:14,777 INFO     ___FILE_ONLY___ ════════════════════════════════════════════════════════════
2025-04-17 13:36:14,777 INFO     ___FILE_ONLY___ ╝

2025-04-17 13:36:14,782 INFO     ___FILE_ONLY___ ╔════════════════════════════════════════════════════════════╗

2025-04-17 13:36:14,783 INFO     ___FILE_ONLY___ ╠═ Installing: gcloud Beta Commands                         ═╣

2025-04-17 13:36:14,783 INFO     ___FILE_ONLY___ ╚
2025-04-17 13:36:14,783 INFO     ___FILE_ONLY___ ════════════════════════════════════════════════════════════
2025-04-17 13:36:14,783 INFO     ___FILE_ONLY___ ╝

2025-04-17 13:36:14,788 INFO     ___FILE_ONLY___ ╔════════════════════════════════════════════════════════════╗

2025-04-17 13:36:14,788 INFO     ___FILE_ONLY___ ╠═ Installing: gcloud Preview Commands                      ═╣

2025-04-17 13:36:14,788 INFO     ___FILE_ONLY___ ╚
2025-04-17 13:36:14,789 INFO     ___FILE_ONLY___ ════════════════════════════════════════════════════════════
2025-04-17 13:36:14,789 INFO     ___FILE_ONLY___ ╝

2025-04-17 13:36:14,794 DEBUG    root            Updating notification cache...
2025-04-17 13:36:14,794 INFO     ___FILE_ONLY___ 

2025-04-17 13:36:14,796 INFO     ___FILE_ONLY___ Performing post processing steps...
2025-04-17 13:36:14,796 DEBUG    root            Executing command: ['/tools/google-cloud-sdk/bin/gcloud', 'components', 'post-process']
2025-04-17 13:36:22,926 DEBUG    ___FILE_ONLY___ 
2025-04-17 13:36:22,927 DEBUG    ___FILE_ONLY___ 
2025-04-17 13:36:23,067 INFO     root            descriptor_list: [{'universeDomain': 'googleapis.com', 'universeShortName': '', 'authenticationDomain': 'auth.cloud.google.com', 'projectPrefix': '', 'cloudWebDomain': 'cloud.google.com', 'documentationDomain': 'cloud.google.com', 'version': '1.0.0', 'state': 'primary', 'artifactRegistryDomain': 'pkg.dev'}]
2025-04-17 13:36:23,067 INFO     ___FILE_ONLY___ 
Update done!


2025-04-17 13:36:23,070 DEBUG    root            Chosen display Format:none
2025-04-17 13:36:23,070 INFO     root            Display format: "none"
